2026-04-26 17:31:45,136 [tir.api.routes] INFO: Tír API started
2026-04-26 17:31:48,404 [tir.memory.chroma] INFO: ChromaDB collection 'tir_memory' ready, 9 chunks
2026-04-26 17:35:02,256 [tir.api.routes] INFO: Tír API started
2026-04-26 17:35:21,641 [tir.memory.chroma] INFO: ChromaDB collection 'tir_memory' ready, 9 chunks
2026-04-26 17:35:25,703 [tir.api.routes] INFO: Started conversation f34a48be for Lyle
2026-04-26 17:38:45,495 [tir.memory.chunking] INFO: Live chunk 0 created for conversation f34a48be (10 messages)
2026-04-26 17:42:16,670 [tir.memory.chunking] INFO: Live chunk 1 created for conversation f34a48be (10 messages)
2026-04-26 17:42:42,954 [tir.api.routes] INFO: Started conversation 167d8cdc for Lyle
2026-04-26 17:42:55,268 [tir.api.routes] INFO: Tír API started
2026-04-26 17:43:13,920 [tir.memory.chroma] INFO: ChromaDB collection 'tir_memory' ready, 11 chunks
2026-04-26 17:43:18,180 [tir.api.routes] INFO: Started conversation fe240f61 for Lyle
2026-04-26 17:45:51,576 [tir.api.routes] INFO: Started conversation 1a4ccbef for Lyle
2026-04-26 17:46:01,700 [tir.api.routes] INFO: Tír API started
2026-04-26 17:46:17,157 [tir.memory.chroma] INFO: ChromaDB collection 'tir_memory' ready, 11 chunks
2026-04-26 17:47:56,447 [tir.api.routes] INFO: Tír API started
2026-04-26 17:47:58,663 [tir.memory.chroma] INFO: ChromaDB collection 'tir_memory' ready, 11 chunks
2026-04-26 17:48:07,754 [tir.api.routes] INFO: Started conversation 6ae830bc for Lyle
2026-04-26 17:52:38,395 [tir.api.routes] INFO: Tír API started
2026-04-26 17:52:41,246 [tir.memory.chroma] INFO: ChromaDB collection 'tir_memory' ready, 11 chunks
2026-04-26 17:53:05,782 [tir.api.routes] INFO: Tír API started
2026-04-26 17:53:11,239 [tir.memory.chroma] INFO: ChromaDB collection 'tir_memory' ready, 11 chunks
2026-04-26 18:02:39,691 [tir.api.routes] INFO: Started conversation e6920110 for Lyle
2026-04-26 18:15:07,156 [tir.api.routes] INFO: Started conversation 026a1a5e for Lyle
2026-04-26 18:29:57,866 [tir.api.routes] INFO: Started conversation 0dbcee6a for Lyle
2026-04-26 18:33:58,783 [tir.api.routes] INFO: Started conversation ace9d989 for Lyle
2026-04-26 18:42:15,420 [tir.api.routes] INFO: Started conversation 9a0e8c0f for Lyle
2026-04-26 18:42:52,694 [tir.api.routes] INFO: Started conversation 8571cf36 for Lyle
2026-04-26 18:45:36,617 [tir.api.routes] INFO: Started conversation db0b0071 for Lyle
2026-04-27 20:02:37,672 [tir.tools.registry] INFO: Registered tool 'memory_search' from skill 'memory_search'
2026-04-27 20:02:37,672 [tir.tools.registry] INFO: Skill registry loaded: 1 skills, 1 tools
2026-04-27 20:02:37,672 [tir.api.routes] INFO: Tír API started — 1 tools loaded
2026-04-27 20:02:46,665 [tir.memory.chroma] INFO: ChromaDB collection 'tir_memory' ready, 11 chunks
2026-04-27 20:02:49,302 [tir.api.routes] INFO: Started conversation 0cd5613d for Lyle
2026-04-27 20:13:21,941 [tir.memory.chunking] INFO: Live chunk 0 created for conversation 0cd5613d (10 messages)
2026-04-27 20:25:25,624 [tir.tools.registry] INFO: Registered tool 'memory_search' from skill 'memory_search'
2026-04-27 20:25:25,624 [tir.tools.registry] INFO: Skill registry loaded: 1 skills, 1 tools
2026-04-27 20:25:25,624 [tir.api.routes] INFO: Tír API started — 1 tools loaded
2026-04-27 20:25:29,148 [tir.memory.chroma] INFO: ChromaDB collection 'tir_memory' ready, 12 chunks
2026-04-27 20:35:58,700 [tir.tools.registry] INFO: Registered tool 'memory_search' from skill 'memory_search'
2026-04-27 20:35:58,700 [tir.tools.registry] INFO: Skill registry loaded: 1 skills, 1 tools
2026-04-27 20:35:58,700 [tir.api.routes] INFO: Tír API started — 1 tools loaded
2026-04-27 20:36:02,702 [tir.api.routes] INFO: Started conversation 30398147 for Lyle
2026-04-27 20:36:02,744 [tir.memory.chroma] INFO: ChromaDB collection 'tir_memory' ready, 12 chunks
2026-04-27 20:42:05,693 [tir.api.routes] INFO: Started conversation f0515e24 for Lyle
2026-04-27 20:44:49,031 [tir.api.routes] INFO: Started conversation 81e912f1 for Lyle
2026-04-27 20:53:38,928 [tir.api.routes] INFO: Started conversation 36a740b8 for Lyle
2026-04-28 19:31:24,608 [tir.tools.registry] INFO: Registered tool 'memory_search' from skill 'memory_search'
2026-04-28 19:31:24,608 [tir.tools.registry] INFO: Skill registry loaded: 1 skills, 1 tools
2026-04-28 19:31:24,608 [tir.api.routes] INFO: Tír API started — 1 tools loaded
2026-04-28 19:31:35,578 [tir.memory.chroma] INFO: ChromaDB collection 'tir_memory' ready, 12 chunks
2026-04-28 19:31:44,252 [tir.api.routes] INFO: Started conversation 87e16e40 for Lyle
